<?xml version="1.0" encoding="UTF-8"?>
<!-- Generated by org.testng.reporters.JUnitXMLReporter -->
<testsuite hostname="ws-tusova" ignored="1" name="Surefire test" tests="1" failures="0" timestamp="20 Feb 2017 15:54:32 GMT" time="1.992" errors="0">
  <testcase name="CheckTextInChapter1" time="1.131" classname="myTests.CheckPageText"/>
  <testcase name="@AfterTest tearDown" time="0.0" classname="myTests.BasicTest">
    <ignored/>
  </testcase> <!-- @AfterTest tearDown -->
</testsuite> <!-- Surefire test -->
